<?xml version="1.0" encoding="UTF-8"?>
<!-- Generated by org.testng.reporters.JUnitXMLReporter -->
<testsuite hostname="LAPTOP-E1KTHKC6" ignored="0" name="Test" tests="1" failures="1" timestamp="2020-08-05T02:39:16 AST" time="12.884" errors="0">
  <testcase name="UserRegisteration" time="1.558" classname="tests.DashBoardTest">
    <failure type="java.lang.AssertionError" message="did not expect [https://web.facebook.com/?_rdc=1&amp;amp;_rdr] but found [https://web.facebook.com/?_rdc=1&amp;amp;_rdr]">
      <![CDATA[java.lang.AssertionError: did not expect [https://web.facebook.com/?_rdc=1&_rdr] but found [https://web.facebook.com/?_rdc=1&_rdr]
at tests.DashBoardTest.UserRegisteration(DashBoardTest.java:26)
at java.util.ArrayList.forEach(Unknown Source)
... Removed 30 stack frames]]>
    </failure>
  </testcase> <!-- UserRegisteration -->
</testsuite> <!-- Test -->
